                                 Started job on |	Apr 02 14:10:01
                             Started mapping on |	Apr 02 14:10:08
                                    Finished on |	Apr 02 14:15:22
       Mapping speed, Million of reads per hour |	274.94

                          Number of input reads |	23980518
                      Average input read length |	300
                                    UNIQUE READS:
                   Uniquely mapped reads number |	22866062
                        Uniquely mapped reads % |	95.35%
                          Average mapped length |	295.90
                       Number of splices: Total |	26249512
            Number of splices: Annotated (sjdb) |	25374680
                       Number of splices: GT/AG |	26034693
                       Number of splices: GC/AG |	163757
                       Number of splices: AT/AC |	10766
               Number of splices: Non-canonical |	40296
                      Mismatch rate per base, % |	0.94%
                         Deletion rate per base |	0.01%
                        Deletion average length |	2.40
                        Insertion rate per base |	0.02%
                       Insertion average length |	1.40
                             MULTI-MAPPING READS:
        Number of reads mapped to multiple loci |	699272
             % of reads mapped to multiple loci |	2.92%
        Number of reads mapped to too many loci |	17481
             % of reads mapped to too many loci |	0.07%
                                  UNMAPPED READS:
  Number of reads unmapped: too many mismatches |	0
       % of reads unmapped: too many mismatches |	0.00%
            Number of reads unmapped: too short |	391283
                 % of reads unmapped: too short |	1.63%
                Number of reads unmapped: other |	6420
                     % of reads unmapped: other |	0.03%
                                  CHIMERIC READS:
                       Number of chimeric reads |	0
                            % of chimeric reads |	0.00%
