                                 Started job on |	Apr 02 13:45:22
                             Started mapping on |	Apr 02 13:45:28
                                    Finished on |	Apr 02 13:49:44
       Mapping speed, Million of reads per hour |	319.24

                          Number of input reads |	22701519
                      Average input read length |	300
                                    UNIQUE READS:
                   Uniquely mapped reads number |	21535558
                        Uniquely mapped reads % |	94.86%
                          Average mapped length |	295.78
                       Number of splices: Total |	24490713
            Number of splices: Annotated (sjdb) |	23704183
                       Number of splices: GT/AG |	24279366
                       Number of splices: GC/AG |	160772
                       Number of splices: AT/AC |	10098
               Number of splices: Non-canonical |	40477
                      Mismatch rate per base, % |	0.99%
                         Deletion rate per base |	0.02%
                        Deletion average length |	2.44
                        Insertion rate per base |	0.02%
                       Insertion average length |	1.51
                             MULTI-MAPPING READS:
        Number of reads mapped to multiple loci |	698840
             % of reads mapped to multiple loci |	3.08%
        Number of reads mapped to too many loci |	19118
             % of reads mapped to too many loci |	0.08%
                                  UNMAPPED READS:
  Number of reads unmapped: too many mismatches |	0
       % of reads unmapped: too many mismatches |	0.00%
            Number of reads unmapped: too short |	441869
                 % of reads unmapped: too short |	1.95%
                Number of reads unmapped: other |	6134
                     % of reads unmapped: other |	0.03%
                                  CHIMERIC READS:
                       Number of chimeric reads |	0
                            % of chimeric reads |	0.00%
