                                 Started job on |	Apr 02 13:57:36
                             Started mapping on |	Apr 02 13:57:41
                                    Finished on |	Apr 02 14:01:54
       Mapping speed, Million of reads per hour |	328.43

                          Number of input reads |	23081368
                      Average input read length |	300
                                    UNIQUE READS:
                   Uniquely mapped reads number |	21946540
                        Uniquely mapped reads % |	95.08%
                          Average mapped length |	296.15
                       Number of splices: Total |	25332828
            Number of splices: Annotated (sjdb) |	24508899
                       Number of splices: GT/AG |	25122009
                       Number of splices: GC/AG |	164462
                       Number of splices: AT/AC |	9988
               Number of splices: Non-canonical |	36369
                      Mismatch rate per base, % |	0.97%
                         Deletion rate per base |	0.01%
                        Deletion average length |	2.40
                        Insertion rate per base |	0.02%
                       Insertion average length |	1.42
                             MULTI-MAPPING READS:
        Number of reads mapped to multiple loci |	590533
             % of reads mapped to multiple loci |	2.56%
        Number of reads mapped to too many loci |	15325
             % of reads mapped to too many loci |	0.07%
                                  UNMAPPED READS:
  Number of reads unmapped: too many mismatches |	0
       % of reads unmapped: too many mismatches |	0.00%
            Number of reads unmapped: too short |	522607
                 % of reads unmapped: too short |	2.26%
                Number of reads unmapped: other |	6363
                     % of reads unmapped: other |	0.03%
                                  CHIMERIC READS:
                       Number of chimeric reads |	0
                            % of chimeric reads |	0.00%
