                                 Started job on |	Apr 02 14:49:17
                             Started mapping on |	Apr 02 14:49:22
                                    Finished on |	Apr 02 14:54:20
       Mapping speed, Million of reads per hour |	278.47

                          Number of input reads |	23050950
                      Average input read length |	300
                                    UNIQUE READS:
                   Uniquely mapped reads number |	22040484
                        Uniquely mapped reads % |	95.62%
                          Average mapped length |	295.87
                       Number of splices: Total |	27355826
            Number of splices: Annotated (sjdb) |	26600711
                       Number of splices: GT/AG |	27146749
                       Number of splices: GC/AG |	162486
                       Number of splices: AT/AC |	9200
               Number of splices: Non-canonical |	37391
                      Mismatch rate per base, % |	1.02%
                         Deletion rate per base |	0.01%
                        Deletion average length |	2.49
                        Insertion rate per base |	0.02%
                       Insertion average length |	1.43
                             MULTI-MAPPING READS:
        Number of reads mapped to multiple loci |	500403
             % of reads mapped to multiple loci |	2.17%
        Number of reads mapped to too many loci |	16498
             % of reads mapped to too many loci |	0.07%
                                  UNMAPPED READS:
  Number of reads unmapped: too many mismatches |	0
       % of reads unmapped: too many mismatches |	0.00%
            Number of reads unmapped: too short |	489462
                 % of reads unmapped: too short |	2.12%
                Number of reads unmapped: other |	4103
                     % of reads unmapped: other |	0.02%
                                  CHIMERIC READS:
                       Number of chimeric reads |	0
                            % of chimeric reads |	0.00%
