                                 Started job on |	Apr 02 14:23:16
                             Started mapping on |	Apr 02 14:23:22
                                    Finished on |	Apr 02 14:27:52
       Mapping speed, Million of reads per hour |	305.14

                          Number of input reads |	22885336
                      Average input read length |	300
                                    UNIQUE READS:
                   Uniquely mapped reads number |	21691401
                        Uniquely mapped reads % |	94.78%
                          Average mapped length |	295.98
                       Number of splices: Total |	27091159
            Number of splices: Annotated (sjdb) |	26295487
                       Number of splices: GT/AG |	26852239
                       Number of splices: GC/AG |	189965
                       Number of splices: AT/AC |	9939
               Number of splices: Non-canonical |	39016
                      Mismatch rate per base, % |	0.98%
                         Deletion rate per base |	0.01%
                        Deletion average length |	2.46
                        Insertion rate per base |	0.02%
                       Insertion average length |	1.45
                             MULTI-MAPPING READS:
        Number of reads mapped to multiple loci |	680560
             % of reads mapped to multiple loci |	2.97%
        Number of reads mapped to too many loci |	23684
             % of reads mapped to too many loci |	0.10%
                                  UNMAPPED READS:
  Number of reads unmapped: too many mismatches |	0
       % of reads unmapped: too many mismatches |	0.00%
            Number of reads unmapped: too short |	482022
                 % of reads unmapped: too short |	2.11%
                Number of reads unmapped: other |	7669
                     % of reads unmapped: other |	0.03%
                                  CHIMERIC READS:
                       Number of chimeric reads |	0
                            % of chimeric reads |	0.00%
