                                 Started job on |	Apr 02 16:05:49
                             Started mapping on |	Apr 02 16:05:54
                                    Finished on |	Apr 02 16:11:22
       Mapping speed, Million of reads per hour |	242.77

                          Number of input reads |	22119328
                      Average input read length |	300
                                    UNIQUE READS:
                   Uniquely mapped reads number |	20970004
                        Uniquely mapped reads % |	94.80%
                          Average mapped length |	295.84
                       Number of splices: Total |	24747919
            Number of splices: Annotated (sjdb) |	24009033
                       Number of splices: GT/AG |	24557921
                       Number of splices: GC/AG |	146390
                       Number of splices: AT/AC |	9512
               Number of splices: Non-canonical |	34096
                      Mismatch rate per base, % |	1.03%
                         Deletion rate per base |	0.01%
                        Deletion average length |	2.46
                        Insertion rate per base |	0.02%
                       Insertion average length |	1.48
                             MULTI-MAPPING READS:
        Number of reads mapped to multiple loci |	586171
             % of reads mapped to multiple loci |	2.65%
        Number of reads mapped to too many loci |	19234
             % of reads mapped to too many loci |	0.09%
                                  UNMAPPED READS:
  Number of reads unmapped: too many mismatches |	0
       % of reads unmapped: too many mismatches |	0.00%
            Number of reads unmapped: too short |	538195
                 % of reads unmapped: too short |	2.43%
                Number of reads unmapped: other |	5724
                     % of reads unmapped: other |	0.03%
                                  CHIMERIC READS:
                       Number of chimeric reads |	0
                            % of chimeric reads |	0.00%
