                                 Started job on |	Apr 03 19:11:13
                             Started mapping on |	Apr 03 19:11:44
                                    Finished on |	Apr 03 19:15:29
       Mapping speed, Million of reads per hour |	293.27

                          Number of input reads |	18329254
                      Average input read length |	300
                                    UNIQUE READS:
                   Uniquely mapped reads number |	17541661
                        Uniquely mapped reads % |	95.70%
                          Average mapped length |	295.67
                       Number of splices: Total |	20183372
            Number of splices: Annotated (sjdb) |	19516030
                       Number of splices: GT/AG |	20017356
                       Number of splices: GC/AG |	128561
                       Number of splices: AT/AC |	7927
               Number of splices: Non-canonical |	29528
                      Mismatch rate per base, % |	1.05%
                         Deletion rate per base |	0.02%
                        Deletion average length |	2.42
                        Insertion rate per base |	0.02%
                       Insertion average length |	1.47
                             MULTI-MAPPING READS:
        Number of reads mapped to multiple loci |	437824
             % of reads mapped to multiple loci |	2.39%
        Number of reads mapped to too many loci |	15716
             % of reads mapped to too many loci |	0.09%
                                  UNMAPPED READS:
  Number of reads unmapped: too many mismatches |	0
       % of reads unmapped: too many mismatches |	0.00%
            Number of reads unmapped: too short |	329719
                 % of reads unmapped: too short |	1.80%
                Number of reads unmapped: other |	4334
                     % of reads unmapped: other |	0.02%
                                  CHIMERIC READS:
                       Number of chimeric reads |	0
                            % of chimeric reads |	0.00%
