                                 Started job on |	Apr 02 15:16:13
                             Started mapping on |	Apr 02 15:16:18
                                    Finished on |	Apr 02 15:21:24
       Mapping speed, Million of reads per hour |	269.30

                          Number of input reads |	22890124
                      Average input read length |	300
                                    UNIQUE READS:
                   Uniquely mapped reads number |	21912728
                        Uniquely mapped reads % |	95.73%
                          Average mapped length |	296.13
                       Number of splices: Total |	24907935
            Number of splices: Annotated (sjdb) |	24119338
                       Number of splices: GT/AG |	24688490
                       Number of splices: GC/AG |	171030
                       Number of splices: AT/AC |	10406
               Number of splices: Non-canonical |	38009
                      Mismatch rate per base, % |	0.97%
                         Deletion rate per base |	0.02%
                        Deletion average length |	2.45
                        Insertion rate per base |	0.02%
                       Insertion average length |	1.51
                             MULTI-MAPPING READS:
        Number of reads mapped to multiple loci |	535143
             % of reads mapped to multiple loci |	2.34%
        Number of reads mapped to too many loci |	15679
             % of reads mapped to too many loci |	0.07%
                                  UNMAPPED READS:
  Number of reads unmapped: too many mismatches |	0
       % of reads unmapped: too many mismatches |	0.00%
            Number of reads unmapped: too short |	420857
                 % of reads unmapped: too short |	1.84%
                Number of reads unmapped: other |	5717
                     % of reads unmapped: other |	0.02%
                                  CHIMERIC READS:
                       Number of chimeric reads |	0
                            % of chimeric reads |	0.00%
