                                 Started job on |	Apr 02 16:58:10
                             Started mapping on |	Apr 02 16:58:15
                                    Finished on |	Apr 02 17:02:25
       Mapping speed, Million of reads per hour |	328.61

                          Number of input reads |	22820469
                      Average input read length |	300
                                    UNIQUE READS:
                   Uniquely mapped reads number |	21721834
                        Uniquely mapped reads % |	95.19%
                          Average mapped length |	295.53
                       Number of splices: Total |	26950580
            Number of splices: Annotated (sjdb) |	26173011
                       Number of splices: GT/AG |	26741851
                       Number of splices: GC/AG |	162361
                       Number of splices: AT/AC |	10643
               Number of splices: Non-canonical |	35725
                      Mismatch rate per base, % |	1.05%
                         Deletion rate per base |	0.01%
                        Deletion average length |	2.50
                        Insertion rate per base |	0.02%
                       Insertion average length |	1.41
                             MULTI-MAPPING READS:
        Number of reads mapped to multiple loci |	529884
             % of reads mapped to multiple loci |	2.32%
        Number of reads mapped to too many loci |	17609
             % of reads mapped to too many loci |	0.08%
                                  UNMAPPED READS:
  Number of reads unmapped: too many mismatches |	0
       % of reads unmapped: too many mismatches |	0.00%
            Number of reads unmapped: too short |	545647
                 % of reads unmapped: too short |	2.39%
                Number of reads unmapped: other |	5495
                     % of reads unmapped: other |	0.02%
                                  CHIMERIC READS:
                       Number of chimeric reads |	0
                            % of chimeric reads |	0.00%
