                                 Started job on |	Apr 02 17:09:36
                             Started mapping on |	Apr 02 17:09:41
                                    Finished on |	Apr 02 17:13:46
       Mapping speed, Million of reads per hour |	289.63

                          Number of input reads |	19710822
                      Average input read length |	300
                                    UNIQUE READS:
                   Uniquely mapped reads number |	18747441
                        Uniquely mapped reads % |	95.11%
                          Average mapped length |	295.95
                       Number of splices: Total |	23290698
            Number of splices: Annotated (sjdb) |	22606706
                       Number of splices: GT/AG |	23100428
                       Number of splices: GC/AG |	148915
                       Number of splices: AT/AC |	8961
               Number of splices: Non-canonical |	32394
                      Mismatch rate per base, % |	0.97%
                         Deletion rate per base |	0.01%
                        Deletion average length |	2.50
                        Insertion rate per base |	0.02%
                       Insertion average length |	1.47
                             MULTI-MAPPING READS:
        Number of reads mapped to multiple loci |	578280
             % of reads mapped to multiple loci |	2.93%
        Number of reads mapped to too many loci |	16936
             % of reads mapped to too many loci |	0.09%
                                  UNMAPPED READS:
  Number of reads unmapped: too many mismatches |	0
       % of reads unmapped: too many mismatches |	0.00%
            Number of reads unmapped: too short |	361702
                 % of reads unmapped: too short |	1.84%
                Number of reads unmapped: other |	6463
                     % of reads unmapped: other |	0.03%
                                  CHIMERIC READS:
                       Number of chimeric reads |	0
                            % of chimeric reads |	0.00%
