                                 Started job on |	Apr 02 16:32:43
                             Started mapping on |	Apr 02 16:32:51
                                    Finished on |	Apr 02 16:37:23
       Mapping speed, Million of reads per hour |	304.42

                          Number of input reads |	23000992
                      Average input read length |	300
                                    UNIQUE READS:
                   Uniquely mapped reads number |	21818560
                        Uniquely mapped reads % |	94.86%
                          Average mapped length |	295.99
                       Number of splices: Total |	24608447
            Number of splices: Annotated (sjdb) |	23823226
                       Number of splices: GT/AG |	24395733
                       Number of splices: GC/AG |	165334
                       Number of splices: AT/AC |	11086
               Number of splices: Non-canonical |	36294
                      Mismatch rate per base, % |	0.99%
                         Deletion rate per base |	0.01%
                        Deletion average length |	2.45
                        Insertion rate per base |	0.02%
                       Insertion average length |	1.50
                             MULTI-MAPPING READS:
        Number of reads mapped to multiple loci |	619938
             % of reads mapped to multiple loci |	2.70%
        Number of reads mapped to too many loci |	21676
             % of reads mapped to too many loci |	0.09%
                                  UNMAPPED READS:
  Number of reads unmapped: too many mismatches |	0
       % of reads unmapped: too many mismatches |	0.00%
            Number of reads unmapped: too short |	533779
                 % of reads unmapped: too short |	2.32%
                Number of reads unmapped: other |	7039
                     % of reads unmapped: other |	0.03%
                                  CHIMERIC READS:
                       Number of chimeric reads |	0
                            % of chimeric reads |	0.00%
