                                 Started job on |	Apr 02 17:35:23
                             Started mapping on |	Apr 02 17:35:29
                                    Finished on |	Apr 02 17:39:42
       Mapping speed, Million of reads per hour |	336.23

                          Number of input reads |	23629619
                      Average input read length |	300
                                    UNIQUE READS:
                   Uniquely mapped reads number |	22510188
                        Uniquely mapped reads % |	95.26%
                          Average mapped length |	296.05
                       Number of splices: Total |	26991500
            Number of splices: Annotated (sjdb) |	26138775
                       Number of splices: GT/AG |	26765718
                       Number of splices: GC/AG |	174550
                       Number of splices: AT/AC |	11354
               Number of splices: Non-canonical |	39878
                      Mismatch rate per base, % |	0.96%
                         Deletion rate per base |	0.01%
                        Deletion average length |	2.42
                        Insertion rate per base |	0.02%
                       Insertion average length |	1.47
                             MULTI-MAPPING READS:
        Number of reads mapped to multiple loci |	536715
             % of reads mapped to multiple loci |	2.27%
        Number of reads mapped to too many loci |	23388
             % of reads mapped to too many loci |	0.10%
                                  UNMAPPED READS:
  Number of reads unmapped: too many mismatches |	0
       % of reads unmapped: too many mismatches |	0.00%
            Number of reads unmapped: too short |	552122
                 % of reads unmapped: too short |	2.34%
                Number of reads unmapped: other |	7206
                     % of reads unmapped: other |	0.03%
                                  CHIMERIC READS:
                       Number of chimeric reads |	0
                            % of chimeric reads |	0.00%
