                                 Started job on |	Apr 02 18:00:34
                             Started mapping on |	Apr 02 18:00:39
                                    Finished on |	Apr 02 18:04:34
       Mapping speed, Million of reads per hour |	333.11

                          Number of input reads |	21744776
                      Average input read length |	300
                                    UNIQUE READS:
                   Uniquely mapped reads number |	20764282
                        Uniquely mapped reads % |	95.49%
                          Average mapped length |	295.95
                       Number of splices: Total |	24627573
            Number of splices: Annotated (sjdb) |	23868631
                       Number of splices: GT/AG |	24414771
                       Number of splices: GC/AG |	165960
                       Number of splices: AT/AC |	10136
               Number of splices: Non-canonical |	36706
                      Mismatch rate per base, % |	0.99%
                         Deletion rate per base |	0.01%
                        Deletion average length |	2.44
                        Insertion rate per base |	0.02%
                       Insertion average length |	1.48
                             MULTI-MAPPING READS:
        Number of reads mapped to multiple loci |	534629
             % of reads mapped to multiple loci |	2.46%
        Number of reads mapped to too many loci |	18257
             % of reads mapped to too many loci |	0.08%
                                  UNMAPPED READS:
  Number of reads unmapped: too many mismatches |	0
       % of reads unmapped: too many mismatches |	0.00%
            Number of reads unmapped: too short |	421423
                 % of reads unmapped: too short |	1.94%
                Number of reads unmapped: other |	6185
                     % of reads unmapped: other |	0.03%
                                  CHIMERIC READS:
                       Number of chimeric reads |	0
                            % of chimeric reads |	0.00%
