                                 Started job on |	Apr 02 17:48:02
                             Started mapping on |	Apr 02 17:48:08
                                    Finished on |	Apr 02 17:52:38
       Mapping speed, Million of reads per hour |	297.36

                          Number of input reads |	22302346
                      Average input read length |	300
                                    UNIQUE READS:
                   Uniquely mapped reads number |	21299348
                        Uniquely mapped reads % |	95.50%
                          Average mapped length |	296.04
                       Number of splices: Total |	25478950
            Number of splices: Annotated (sjdb) |	24745156
                       Number of splices: GT/AG |	25254889
                       Number of splices: GC/AG |	177891
                       Number of splices: AT/AC |	9252
               Number of splices: Non-canonical |	36918
                      Mismatch rate per base, % |	0.98%
                         Deletion rate per base |	0.02%
                        Deletion average length |	2.44
                        Insertion rate per base |	0.02%
                       Insertion average length |	1.46
                             MULTI-MAPPING READS:
        Number of reads mapped to multiple loci |	587573
             % of reads mapped to multiple loci |	2.63%
        Number of reads mapped to too many loci |	14078
             % of reads mapped to too many loci |	0.06%
                                  UNMAPPED READS:
  Number of reads unmapped: too many mismatches |	0
       % of reads unmapped: too many mismatches |	0.00%
            Number of reads unmapped: too short |	396228
                 % of reads unmapped: too short |	1.78%
                Number of reads unmapped: other |	5119
                     % of reads unmapped: other |	0.02%
                                  CHIMERIC READS:
                       Number of chimeric reads |	0
                            % of chimeric reads |	0.00%
