                                 Started job on |	Apr 02 18:13:05
                             Started mapping on |	Apr 02 18:13:11
                                    Finished on |	Apr 02 18:18:31
       Mapping speed, Million of reads per hour |	247.79

                          Number of input reads |	22025697
                      Average input read length |	300
                                    UNIQUE READS:
                   Uniquely mapped reads number |	21117949
                        Uniquely mapped reads % |	95.88%
                          Average mapped length |	295.77
                       Number of splices: Total |	29362756
            Number of splices: Annotated (sjdb) |	28640034
                       Number of splices: GT/AG |	29122572
                       Number of splices: GC/AG |	193419
                       Number of splices: AT/AC |	10580
               Number of splices: Non-canonical |	36185
                      Mismatch rate per base, % |	0.94%
                         Deletion rate per base |	0.01%
                        Deletion average length |	2.49
                        Insertion rate per base |	0.02%
                       Insertion average length |	1.33
                             MULTI-MAPPING READS:
        Number of reads mapped to multiple loci |	521056
             % of reads mapped to multiple loci |	2.37%
        Number of reads mapped to too many loci |	17159
             % of reads mapped to too many loci |	0.08%
                                  UNMAPPED READS:
  Number of reads unmapped: too many mismatches |	0
       % of reads unmapped: too many mismatches |	0.00%
            Number of reads unmapped: too short |	364545
                 % of reads unmapped: too short |	1.66%
                Number of reads unmapped: other |	4988
                     % of reads unmapped: other |	0.02%
                                  CHIMERIC READS:
                       Number of chimeric reads |	0
                            % of chimeric reads |	0.00%
