                                 Started job on |	Apr 02 19:43:43
                             Started mapping on |	Apr 02 19:43:54
                                    Finished on |	Apr 02 19:48:44
       Mapping speed, Million of reads per hour |	281.79

                          Number of input reads |	22699711
                      Average input read length |	300
                                    UNIQUE READS:
                   Uniquely mapped reads number |	21696268
                        Uniquely mapped reads % |	95.58%
                          Average mapped length |	295.72
                       Number of splices: Total |	28339524
            Number of splices: Annotated (sjdb) |	27649816
                       Number of splices: GT/AG |	28107250
                       Number of splices: GC/AG |	185846
                       Number of splices: AT/AC |	9809
               Number of splices: Non-canonical |	36619
                      Mismatch rate per base, % |	1.02%
                         Deletion rate per base |	0.01%
                        Deletion average length |	2.48
                        Insertion rate per base |	0.02%
                       Insertion average length |	1.38
                             MULTI-MAPPING READS:
        Number of reads mapped to multiple loci |	560212
             % of reads mapped to multiple loci |	2.47%
        Number of reads mapped to too many loci |	20952
             % of reads mapped to too many loci |	0.09%
                                  UNMAPPED READS:
  Number of reads unmapped: too many mismatches |	0
       % of reads unmapped: too many mismatches |	0.00%
            Number of reads unmapped: too short |	416492
                 % of reads unmapped: too short |	1.83%
                Number of reads unmapped: other |	5787
                     % of reads unmapped: other |	0.03%
                                  CHIMERIC READS:
                       Number of chimeric reads |	0
                            % of chimeric reads |	0.00%
