                                 Started job on |	Apr 02 19:16:22
                             Started mapping on |	Apr 02 19:16:27
                                    Finished on |	Apr 02 19:20:56
       Mapping speed, Million of reads per hour |	315.53

                          Number of input reads |	23577085
                      Average input read length |	300
                                    UNIQUE READS:
                   Uniquely mapped reads number |	22360771
                        Uniquely mapped reads % |	94.84%
                          Average mapped length |	296.02
                       Number of splices: Total |	24858145
            Number of splices: Annotated (sjdb) |	24112256
                       Number of splices: GT/AG |	24639502
                       Number of splices: GC/AG |	170191
                       Number of splices: AT/AC |	9934
               Number of splices: Non-canonical |	38518
                      Mismatch rate per base, % |	1.01%
                         Deletion rate per base |	0.01%
                        Deletion average length |	2.41
                        Insertion rate per base |	0.02%
                       Insertion average length |	1.46
                             MULTI-MAPPING READS:
        Number of reads mapped to multiple loci |	620743
             % of reads mapped to multiple loci |	2.63%
        Number of reads mapped to too many loci |	18953
             % of reads mapped to too many loci |	0.08%
                                  UNMAPPED READS:
  Number of reads unmapped: too many mismatches |	0
       % of reads unmapped: too many mismatches |	0.00%
            Number of reads unmapped: too short |	570818
                 % of reads unmapped: too short |	2.42%
                Number of reads unmapped: other |	5800
                     % of reads unmapped: other |	0.02%
                                  CHIMERIC READS:
                       Number of chimeric reads |	0
                            % of chimeric reads |	0.00%
