                                 Started job on |	Apr 02 18:52:20
                             Started mapping on |	Apr 02 18:52:38
                                    Finished on |	Apr 02 18:55:44
       Mapping speed, Million of reads per hour |	301.43

                          Number of input reads |	15573903
                      Average input read length |	300
                                    UNIQUE READS:
                   Uniquely mapped reads number |	14826307
                        Uniquely mapped reads % |	95.20%
                          Average mapped length |	296.08
                       Number of splices: Total |	16033846
            Number of splices: Annotated (sjdb) |	15526575
                       Number of splices: GT/AG |	15896163
                       Number of splices: GC/AG |	103328
                       Number of splices: AT/AC |	6845
               Number of splices: Non-canonical |	27510
                      Mismatch rate per base, % |	1.01%
                         Deletion rate per base |	0.02%
                        Deletion average length |	2.44
                        Insertion rate per base |	0.02%
                       Insertion average length |	1.53
                             MULTI-MAPPING READS:
        Number of reads mapped to multiple loci |	381083
             % of reads mapped to multiple loci |	2.45%
        Number of reads mapped to too many loci |	16406
             % of reads mapped to too many loci |	0.11%
                                  UNMAPPED READS:
  Number of reads unmapped: too many mismatches |	0
       % of reads unmapped: too many mismatches |	0.00%
            Number of reads unmapped: too short |	345393
                 % of reads unmapped: too short |	2.22%
                Number of reads unmapped: other |	4714
                     % of reads unmapped: other |	0.03%
                                  CHIMERIC READS:
                       Number of chimeric reads |	0
                            % of chimeric reads |	0.00%
