                                 Started job on |	Apr 02 19:30:08
                             Started mapping on |	Apr 02 19:30:16
                                    Finished on |	Apr 02 19:34:51
       Mapping speed, Million of reads per hour |	312.17

                          Number of input reads |	23846061
                      Average input read length |	300
                                    UNIQUE READS:
                   Uniquely mapped reads number |	22571172
                        Uniquely mapped reads % |	94.65%
                          Average mapped length |	295.95
                       Number of splices: Total |	25735638
            Number of splices: Annotated (sjdb) |	25007313
                       Number of splices: GT/AG |	25520697
                       Number of splices: GC/AG |	163670
                       Number of splices: AT/AC |	10419
               Number of splices: Non-canonical |	40852
                      Mismatch rate per base, % |	1.01%
                         Deletion rate per base |	0.01%
                        Deletion average length |	2.46
                        Insertion rate per base |	0.02%
                       Insertion average length |	1.45
                             MULTI-MAPPING READS:
        Number of reads mapped to multiple loci |	618664
             % of reads mapped to multiple loci |	2.59%
        Number of reads mapped to too many loci |	21006
             % of reads mapped to too many loci |	0.09%
                                  UNMAPPED READS:
  Number of reads unmapped: too many mismatches |	0
       % of reads unmapped: too many mismatches |	0.00%
            Number of reads unmapped: too short |	628510
                 % of reads unmapped: too short |	2.64%
                Number of reads unmapped: other |	6709
                     % of reads unmapped: other |	0.03%
                                  CHIMERIC READS:
                       Number of chimeric reads |	0
                            % of chimeric reads |	0.00%
