                                 Started job on |	Apr 02 19:57:46
                             Started mapping on |	Apr 02 19:57:55
                                    Finished on |	Apr 02 20:04:37
       Mapping speed, Million of reads per hour |	200.62

                          Number of input reads |	22402947
                      Average input read length |	300
                                    UNIQUE READS:
                   Uniquely mapped reads number |	21271142
                        Uniquely mapped reads % |	94.95%
                          Average mapped length |	295.72
                       Number of splices: Total |	26970202
            Number of splices: Annotated (sjdb) |	26234845
                       Number of splices: GT/AG |	26758943
                       Number of splices: GC/AG |	165064
                       Number of splices: AT/AC |	9139
               Number of splices: Non-canonical |	37056
                      Mismatch rate per base, % |	0.94%
                         Deletion rate per base |	0.01%
                        Deletion average length |	2.45
                        Insertion rate per base |	0.02%
                       Insertion average length |	1.36
                             MULTI-MAPPING READS:
        Number of reads mapped to multiple loci |	671306
             % of reads mapped to multiple loci |	3.00%
        Number of reads mapped to too many loci |	25539
             % of reads mapped to too many loci |	0.11%
                                  UNMAPPED READS:
  Number of reads unmapped: too many mismatches |	0
       % of reads unmapped: too many mismatches |	0.00%
            Number of reads unmapped: too short |	428805
                 % of reads unmapped: too short |	1.91%
                Number of reads unmapped: other |	6155
                     % of reads unmapped: other |	0.03%
                                  CHIMERIC READS:
                       Number of chimeric reads |	0
                            % of chimeric reads |	0.00%
