                                 Started job on |	Apr 02 19:03:21
                             Started mapping on |	Apr 02 19:03:26
                                    Finished on |	Apr 02 19:07:30
       Mapping speed, Million of reads per hour |	315.29

                          Number of input reads |	21369808
                      Average input read length |	300
                                    UNIQUE READS:
                   Uniquely mapped reads number |	20388616
                        Uniquely mapped reads % |	95.41%
                          Average mapped length |	296.17
                       Number of splices: Total |	23284824
            Number of splices: Annotated (sjdb) |	22606196
                       Number of splices: GT/AG |	23081022
                       Number of splices: GC/AG |	161918
                       Number of splices: AT/AC |	9366
               Number of splices: Non-canonical |	32518
                      Mismatch rate per base, % |	1.00%
                         Deletion rate per base |	0.01%
                        Deletion average length |	2.39
                        Insertion rate per base |	0.02%
                       Insertion average length |	1.45
                             MULTI-MAPPING READS:
        Number of reads mapped to multiple loci |	542796
             % of reads mapped to multiple loci |	2.54%
        Number of reads mapped to too many loci |	14336
             % of reads mapped to too many loci |	0.07%
                                  UNMAPPED READS:
  Number of reads unmapped: too many mismatches |	0
       % of reads unmapped: too many mismatches |	0.00%
            Number of reads unmapped: too short |	419055
                 % of reads unmapped: too short |	1.96%
                Number of reads unmapped: other |	5005
                     % of reads unmapped: other |	0.02%
                                  CHIMERIC READS:
                       Number of chimeric reads |	0
                            % of chimeric reads |	0.00%
