                                 Started job on |	Apr 02 20:28:33
                             Started mapping on |	Apr 02 20:28:40
                                    Finished on |	Apr 02 20:33:56
       Mapping speed, Million of reads per hour |	257.76

                          Number of input reads |	22625606
                      Average input read length |	300
                                    UNIQUE READS:
                   Uniquely mapped reads number |	21640533
                        Uniquely mapped reads % |	95.65%
                          Average mapped length |	296.22
                       Number of splices: Total |	25403638
            Number of splices: Annotated (sjdb) |	24592399
                       Number of splices: GT/AG |	25173875
                       Number of splices: GC/AG |	179877
                       Number of splices: AT/AC |	10239
               Number of splices: Non-canonical |	39647
                      Mismatch rate per base, % |	0.93%
                         Deletion rate per base |	0.02%
                        Deletion average length |	2.39
                        Insertion rate per base |	0.02%
                       Insertion average length |	1.46
                             MULTI-MAPPING READS:
        Number of reads mapped to multiple loci |	595783
             % of reads mapped to multiple loci |	2.63%
        Number of reads mapped to too many loci |	15134
             % of reads mapped to too many loci |	0.07%
                                  UNMAPPED READS:
  Number of reads unmapped: too many mismatches |	0
       % of reads unmapped: too many mismatches |	0.00%
            Number of reads unmapped: too short |	369405
                 % of reads unmapped: too short |	1.63%
                Number of reads unmapped: other |	4751
                     % of reads unmapped: other |	0.02%
                                  CHIMERIC READS:
                       Number of chimeric reads |	0
                            % of chimeric reads |	0.00%
