                                 Started job on |	Apr 02 21:21:25
                             Started mapping on |	Apr 02 21:21:31
                                    Finished on |	Apr 02 21:26:08
       Mapping speed, Million of reads per hour |	297.40

                          Number of input reads |	22883252
                      Average input read length |	300
                                    UNIQUE READS:
                   Uniquely mapped reads number |	21693913
                        Uniquely mapped reads % |	94.80%
                          Average mapped length |	296.08
                       Number of splices: Total |	25879830
            Number of splices: Annotated (sjdb) |	25100134
                       Number of splices: GT/AG |	25667293
                       Number of splices: GC/AG |	161407
                       Number of splices: AT/AC |	10093
               Number of splices: Non-canonical |	41037
                      Mismatch rate per base, % |	0.94%
                         Deletion rate per base |	0.02%
                        Deletion average length |	2.51
                        Insertion rate per base |	0.02%
                       Insertion average length |	1.50
                             MULTI-MAPPING READS:
        Number of reads mapped to multiple loci |	696035
             % of reads mapped to multiple loci |	3.04%
        Number of reads mapped to too many loci |	24321
             % of reads mapped to too many loci |	0.11%
                                  UNMAPPED READS:
  Number of reads unmapped: too many mismatches |	0
       % of reads unmapped: too many mismatches |	0.00%
            Number of reads unmapped: too short |	461830
                 % of reads unmapped: too short |	2.02%
                Number of reads unmapped: other |	7153
                     % of reads unmapped: other |	0.03%
                                  CHIMERIC READS:
                       Number of chimeric reads |	0
                            % of chimeric reads |	0.00%
