                                 Started job on |	Apr 02 20:56:40
                             Started mapping on |	Apr 02 20:56:46
                                    Finished on |	Apr 02 21:01:31
       Mapping speed, Million of reads per hour |	274.70

                          Number of input reads |	21746893
                      Average input read length |	300
                                    UNIQUE READS:
                   Uniquely mapped reads number |	20595199
                        Uniquely mapped reads % |	94.70%
                          Average mapped length |	296.04
                       Number of splices: Total |	26120942
            Number of splices: Annotated (sjdb) |	25416551
                       Number of splices: GT/AG |	25898696
                       Number of splices: GC/AG |	174569
                       Number of splices: AT/AC |	9709
               Number of splices: Non-canonical |	37968
                      Mismatch rate per base, % |	0.97%
                         Deletion rate per base |	0.01%
                        Deletion average length |	2.48
                        Insertion rate per base |	0.02%
                       Insertion average length |	1.45
                             MULTI-MAPPING READS:
        Number of reads mapped to multiple loci |	646588
             % of reads mapped to multiple loci |	2.97%
        Number of reads mapped to too many loci |	23186
             % of reads mapped to too many loci |	0.11%
                                  UNMAPPED READS:
  Number of reads unmapped: too many mismatches |	0
       % of reads unmapped: too many mismatches |	0.00%
            Number of reads unmapped: too short |	474156
                 % of reads unmapped: too short |	2.18%
                Number of reads unmapped: other |	7764
                     % of reads unmapped: other |	0.04%
                                  CHIMERIC READS:
                       Number of chimeric reads |	0
                            % of chimeric reads |	0.00%
