                                 Started job on |	Apr 02 21:47:54
                             Started mapping on |	Apr 02 21:48:00
                                    Finished on |	Apr 02 21:52:10
       Mapping speed, Million of reads per hour |	324.70

                          Number of input reads |	22548486
                      Average input read length |	300
                                    UNIQUE READS:
                   Uniquely mapped reads number |	21450334
                        Uniquely mapped reads % |	95.13%
                          Average mapped length |	296.10
                       Number of splices: Total |	23733765
            Number of splices: Annotated (sjdb) |	22886250
                       Number of splices: GT/AG |	23552549
                       Number of splices: GC/AG |	131332
                       Number of splices: AT/AC |	10341
               Number of splices: Non-canonical |	39543
                      Mismatch rate per base, % |	0.99%
                         Deletion rate per base |	0.02%
                        Deletion average length |	2.44
                        Insertion rate per base |	0.02%
                       Insertion average length |	1.51
                             MULTI-MAPPING READS:
        Number of reads mapped to multiple loci |	511575
             % of reads mapped to multiple loci |	2.27%
        Number of reads mapped to too many loci |	15116
             % of reads mapped to too many loci |	0.07%
                                  UNMAPPED READS:
  Number of reads unmapped: too many mismatches |	0
       % of reads unmapped: too many mismatches |	0.00%
            Number of reads unmapped: too short |	565018
                 % of reads unmapped: too short |	2.51%
                Number of reads unmapped: other |	6443
                     % of reads unmapped: other |	0.03%
                                  CHIMERIC READS:
                       Number of chimeric reads |	0
                            % of chimeric reads |	0.00%
