                                 Started job on |	Apr 02 22:39:51
                             Started mapping on |	Apr 02 22:39:58
                                    Finished on |	Apr 02 22:44:24
       Mapping speed, Million of reads per hour |	314.27

                          Number of input reads |	23221343
                      Average input read length |	300
                                    UNIQUE READS:
                   Uniquely mapped reads number |	22061111
                        Uniquely mapped reads % |	95.00%
                          Average mapped length |	296.11
                       Number of splices: Total |	23936160
            Number of splices: Annotated (sjdb) |	23176618
                       Number of splices: GT/AG |	23751323
                       Number of splices: GC/AG |	136050
                       Number of splices: AT/AC |	11002
               Number of splices: Non-canonical |	37785
                      Mismatch rate per base, % |	0.99%
                         Deletion rate per base |	0.02%
                        Deletion average length |	2.50
                        Insertion rate per base |	0.02%
                       Insertion average length |	1.54
                             MULTI-MAPPING READS:
        Number of reads mapped to multiple loci |	539679
             % of reads mapped to multiple loci |	2.32%
        Number of reads mapped to too many loci |	20509
             % of reads mapped to too many loci |	0.09%
                                  UNMAPPED READS:
  Number of reads unmapped: too many mismatches |	0
       % of reads unmapped: too many mismatches |	0.00%
            Number of reads unmapped: too short |	593983
                 % of reads unmapped: too short |	2.56%
                Number of reads unmapped: other |	6061
                     % of reads unmapped: other |	0.03%
                                  CHIMERIC READS:
                       Number of chimeric reads |	0
                            % of chimeric reads |	0.00%
