                                 Started job on |	Apr 02 21:34:46
                             Started mapping on |	Apr 02 21:34:52
                                    Finished on |	Apr 02 21:39:32
       Mapping speed, Million of reads per hour |	302.40

                          Number of input reads |	23519982
                      Average input read length |	300
                                    UNIQUE READS:
                   Uniquely mapped reads number |	22313416
                        Uniquely mapped reads % |	94.87%
                          Average mapped length |	295.95
                       Number of splices: Total |	24982895
            Number of splices: Annotated (sjdb) |	24129249
                       Number of splices: GT/AG |	24785895
                       Number of splices: GC/AG |	143984
                       Number of splices: AT/AC |	11109
               Number of splices: Non-canonical |	41907
                      Mismatch rate per base, % |	0.98%
                         Deletion rate per base |	0.02%
                        Deletion average length |	2.43
                        Insertion rate per base |	0.02%
                       Insertion average length |	1.52
                             MULTI-MAPPING READS:
        Number of reads mapped to multiple loci |	594520
             % of reads mapped to multiple loci |	2.53%
        Number of reads mapped to too many loci |	20824
             % of reads mapped to too many loci |	0.09%
                                  UNMAPPED READS:
  Number of reads unmapped: too many mismatches |	0
       % of reads unmapped: too many mismatches |	0.00%
            Number of reads unmapped: too short |	585000
                 % of reads unmapped: too short |	2.49%
                Number of reads unmapped: other |	6222
                     % of reads unmapped: other |	0.03%
                                  CHIMERIC READS:
                       Number of chimeric reads |	0
                            % of chimeric reads |	0.00%
