                                 Started job on |	Apr 02 22:13:28
                             Started mapping on |	Apr 02 22:13:34
                                    Finished on |	Apr 02 22:18:01
       Mapping speed, Million of reads per hour |	305.19

                          Number of input reads |	22635139
                      Average input read length |	300
                                    UNIQUE READS:
                   Uniquely mapped reads number |	21588023
                        Uniquely mapped reads % |	95.37%
                          Average mapped length |	296.01
                       Number of splices: Total |	25619120
            Number of splices: Annotated (sjdb) |	24860582
                       Number of splices: GT/AG |	25429020
                       Number of splices: GC/AG |	139368
                       Number of splices: AT/AC |	11108
               Number of splices: Non-canonical |	39624
                      Mismatch rate per base, % |	0.98%
                         Deletion rate per base |	0.01%
                        Deletion average length |	2.47
                        Insertion rate per base |	0.02%
                       Insertion average length |	1.49
                             MULTI-MAPPING READS:
        Number of reads mapped to multiple loci |	541081
             % of reads mapped to multiple loci |	2.39%
        Number of reads mapped to too many loci |	19864
             % of reads mapped to too many loci |	0.09%
                                  UNMAPPED READS:
  Number of reads unmapped: too many mismatches |	0
       % of reads unmapped: too many mismatches |	0.00%
            Number of reads unmapped: too short |	479630
                 % of reads unmapped: too short |	2.12%
                Number of reads unmapped: other |	6541
                     % of reads unmapped: other |	0.03%
                                  CHIMERIC READS:
                       Number of chimeric reads |	0
                            % of chimeric reads |	0.00%
