                                 Started job on |	Apr 02 22:00:22
                             Started mapping on |	Apr 02 22:00:28
                                    Finished on |	Apr 02 22:04:45
       Mapping speed, Million of reads per hour |	308.97

                          Number of input reads |	22057133
                      Average input read length |	300
                                    UNIQUE READS:
                   Uniquely mapped reads number |	20949642
                        Uniquely mapped reads % |	94.98%
                          Average mapped length |	296.11
                       Number of splices: Total |	22808783
            Number of splices: Annotated (sjdb) |	22032728
                       Number of splices: GT/AG |	22634751
                       Number of splices: GC/AG |	126394
                       Number of splices: AT/AC |	9860
               Number of splices: Non-canonical |	37778
                      Mismatch rate per base, % |	0.99%
                         Deletion rate per base |	0.02%
                        Deletion average length |	2.42
                        Insertion rate per base |	0.02%
                       Insertion average length |	1.52
                             MULTI-MAPPING READS:
        Number of reads mapped to multiple loci |	497266
             % of reads mapped to multiple loci |	2.25%
        Number of reads mapped to too many loci |	15197
             % of reads mapped to too many loci |	0.07%
                                  UNMAPPED READS:
  Number of reads unmapped: too many mismatches |	0
       % of reads unmapped: too many mismatches |	0.00%
            Number of reads unmapped: too short |	589515
                 % of reads unmapped: too short |	2.67%
                Number of reads unmapped: other |	5513
                     % of reads unmapped: other |	0.02%
                                  CHIMERIC READS:
                       Number of chimeric reads |	0
                            % of chimeric reads |	0.00%
