                                 Started job on |	Apr 02 22:52:28
                             Started mapping on |	Apr 02 22:52:34
                                    Finished on |	Apr 02 22:57:12
       Mapping speed, Million of reads per hour |	293.73

                          Number of input reads |	22682863
                      Average input read length |	300
                                    UNIQUE READS:
                   Uniquely mapped reads number |	21625658
                        Uniquely mapped reads % |	95.34%
                          Average mapped length |	296.01
                       Number of splices: Total |	22166102
            Number of splices: Annotated (sjdb) |	21360754
                       Number of splices: GT/AG |	21969662
                       Number of splices: GC/AG |	146289
                       Number of splices: AT/AC |	10585
               Number of splices: Non-canonical |	39566
                      Mismatch rate per base, % |	0.99%
                         Deletion rate per base |	0.02%
                        Deletion average length |	2.46
                        Insertion rate per base |	0.02%
                       Insertion average length |	1.56
                             MULTI-MAPPING READS:
        Number of reads mapped to multiple loci |	517472
             % of reads mapped to multiple loci |	2.28%
        Number of reads mapped to too many loci |	17047
             % of reads mapped to too many loci |	0.08%
                                  UNMAPPED READS:
  Number of reads unmapped: too many mismatches |	0
       % of reads unmapped: too many mismatches |	0.00%
            Number of reads unmapped: too short |	516849
                 % of reads unmapped: too short |	2.28%
                Number of reads unmapped: other |	5837
                     % of reads unmapped: other |	0.03%
                                  CHIMERIC READS:
                       Number of chimeric reads |	0
                            % of chimeric reads |	0.00%
