                                 Started job on |	Apr 02 23:18:16
                             Started mapping on |	Apr 02 23:18:22
                                    Finished on |	Apr 02 23:22:43
       Mapping speed, Million of reads per hour |	309.85

                          Number of input reads |	22464333
                      Average input read length |	300
                                    UNIQUE READS:
                   Uniquely mapped reads number |	21424558
                        Uniquely mapped reads % |	95.37%
                          Average mapped length |	296.17
                       Number of splices: Total |	22934305
            Number of splices: Annotated (sjdb) |	22145697
                       Number of splices: GT/AG |	22734457
                       Number of splices: GC/AG |	152855
                       Number of splices: AT/AC |	10689
               Number of splices: Non-canonical |	36304
                      Mismatch rate per base, % |	0.96%
                         Deletion rate per base |	0.02%
                        Deletion average length |	2.42
                        Insertion rate per base |	0.02%
                       Insertion average length |	1.52
                             MULTI-MAPPING READS:
        Number of reads mapped to multiple loci |	500371
             % of reads mapped to multiple loci |	2.23%
        Number of reads mapped to too many loci |	15034
             % of reads mapped to too many loci |	0.07%
                                  UNMAPPED READS:
  Number of reads unmapped: too many mismatches |	0
       % of reads unmapped: too many mismatches |	0.00%
            Number of reads unmapped: too short |	519070
                 % of reads unmapped: too short |	2.31%
                Number of reads unmapped: other |	5300
                     % of reads unmapped: other |	0.02%
                                  CHIMERIC READS:
                       Number of chimeric reads |	0
                            % of chimeric reads |	0.00%
