                                 Started job on |	Apr 02 23:42:39
                             Started mapping on |	Apr 02 23:42:46
                                    Finished on |	Apr 02 23:47:18
       Mapping speed, Million of reads per hour |	302.29

                          Number of input reads |	22839974
                      Average input read length |	300
                                    UNIQUE READS:
                   Uniquely mapped reads number |	21664434
                        Uniquely mapped reads % |	94.85%
                          Average mapped length |	295.78
                       Number of splices: Total |	23752749
            Number of splices: Annotated (sjdb) |	23001514
                       Number of splices: GT/AG |	23556671
                       Number of splices: GC/AG |	148606
                       Number of splices: AT/AC |	9299
               Number of splices: Non-canonical |	38173
                      Mismatch rate per base, % |	1.03%
                         Deletion rate per base |	0.01%
                        Deletion average length |	2.49
                        Insertion rate per base |	0.02%
                       Insertion average length |	1.49
                             MULTI-MAPPING READS:
        Number of reads mapped to multiple loci |	579769
             % of reads mapped to multiple loci |	2.54%
        Number of reads mapped to too many loci |	18591
             % of reads mapped to too many loci |	0.08%
                                  UNMAPPED READS:
  Number of reads unmapped: too many mismatches |	0
       % of reads unmapped: too many mismatches |	0.00%
            Number of reads unmapped: too short |	571117
                 % of reads unmapped: too short |	2.50%
                Number of reads unmapped: other |	6063
                     % of reads unmapped: other |	0.03%
                                  CHIMERIC READS:
                       Number of chimeric reads |	0
                            % of chimeric reads |	0.00%
