                                 Started job on |	Apr 02 23:30:06
                             Started mapping on |	Apr 02 23:30:12
                                    Finished on |	Apr 02 23:34:31
       Mapping speed, Million of reads per hour |	278.31

                          Number of input reads |	20022761
                      Average input read length |	300
                                    UNIQUE READS:
                   Uniquely mapped reads number |	19004803
                        Uniquely mapped reads % |	94.92%
                          Average mapped length |	295.82
                       Number of splices: Total |	23405145
            Number of splices: Annotated (sjdb) |	22791583
                       Number of splices: GT/AG |	23226768
                       Number of splices: GC/AG |	137869
                       Number of splices: AT/AC |	10081
               Number of splices: Non-canonical |	30427
                      Mismatch rate per base, % |	1.02%
                         Deletion rate per base |	0.01%
                        Deletion average length |	2.51
                        Insertion rate per base |	0.02%
                       Insertion average length |	1.39
                             MULTI-MAPPING READS:
        Number of reads mapped to multiple loci |	466447
             % of reads mapped to multiple loci |	2.33%
        Number of reads mapped to too many loci |	19280
             % of reads mapped to too many loci |	0.10%
                                  UNMAPPED READS:
  Number of reads unmapped: too many mismatches |	0
       % of reads unmapped: too many mismatches |	0.00%
            Number of reads unmapped: too short |	528381
                 % of reads unmapped: too short |	2.64%
                Number of reads unmapped: other |	3850
                     % of reads unmapped: other |	0.02%
                                  CHIMERIC READS:
                       Number of chimeric reads |	0
                            % of chimeric reads |	0.00%
