                                 Started job on |	Apr 02 23:55:10
                             Started mapping on |	Apr 02 23:55:16
                                    Finished on |	Apr 03 00:00:29
       Mapping speed, Million of reads per hour |	259.92

                          Number of input reads |	22598597
                      Average input read length |	300
                                    UNIQUE READS:
                   Uniquely mapped reads number |	21471866
                        Uniquely mapped reads % |	95.01%
                          Average mapped length |	296.03
                       Number of splices: Total |	27013455
            Number of splices: Annotated (sjdb) |	26259743
                       Number of splices: GT/AG |	26807240
                       Number of splices: GC/AG |	162807
                       Number of splices: AT/AC |	9313
               Number of splices: Non-canonical |	34095
                      Mismatch rate per base, % |	0.97%
                         Deletion rate per base |	0.01%
                        Deletion average length |	2.48
                        Insertion rate per base |	0.02%
                       Insertion average length |	1.43
                             MULTI-MAPPING READS:
        Number of reads mapped to multiple loci |	607304
             % of reads mapped to multiple loci |	2.69%
        Number of reads mapped to too many loci |	21431
             % of reads mapped to too many loci |	0.09%
                                  UNMAPPED READS:
  Number of reads unmapped: too many mismatches |	0
       % of reads unmapped: too many mismatches |	0.00%
            Number of reads unmapped: too short |	492639
                 % of reads unmapped: too short |	2.18%
                Number of reads unmapped: other |	5357
                     % of reads unmapped: other |	0.02%
                                  CHIMERIC READS:
                       Number of chimeric reads |	0
                            % of chimeric reads |	0.00%
