                                 Started job on |	Apr 02 09:35:38
                             Started mapping on |	Apr 02 09:35:44
                                    Finished on |	Apr 02 09:40:27
       Mapping speed, Million of reads per hour |	301.57

                          Number of input reads |	23706950
                      Average input read length |	300
                                    UNIQUE READS:
                   Uniquely mapped reads number |	22676335
                        Uniquely mapped reads % |	95.65%
                          Average mapped length |	295.97
                       Number of splices: Total |	28747353
            Number of splices: Annotated (sjdb) |	27943431
                       Number of splices: GT/AG |	28498028
                       Number of splices: GC/AG |	199553
                       Number of splices: AT/AC |	11104
               Number of splices: Non-canonical |	38668
                      Mismatch rate per base, % |	0.95%
                         Deletion rate per base |	0.01%
                        Deletion average length |	2.42
                        Insertion rate per base |	0.02%
                       Insertion average length |	1.45
                             MULTI-MAPPING READS:
        Number of reads mapped to multiple loci |	633049
             % of reads mapped to multiple loci |	2.67%
        Number of reads mapped to too many loci |	22954
             % of reads mapped to too many loci |	0.10%
                                  UNMAPPED READS:
  Number of reads unmapped: too many mismatches |	0
       % of reads unmapped: too many mismatches |	0.00%
            Number of reads unmapped: too short |	368640
                 % of reads unmapped: too short |	1.55%
                Number of reads unmapped: other |	5972
                     % of reads unmapped: other |	0.03%
                                  CHIMERIC READS:
                       Number of chimeric reads |	0
                            % of chimeric reads |	0.00%
