                                 Started job on |	Apr 02 09:47:57
                             Started mapping on |	Apr 02 09:48:03
                                    Finished on |	Apr 02 09:52:39
       Mapping speed, Million of reads per hour |	292.15

                          Number of input reads |	22398143
                      Average input read length |	300
                                    UNIQUE READS:
                   Uniquely mapped reads number |	21206035
                        Uniquely mapped reads % |	94.68%
                          Average mapped length |	296.06
                       Number of splices: Total |	27310997
            Number of splices: Annotated (sjdb) |	26593692
                       Number of splices: GT/AG |	27078566
                       Number of splices: GC/AG |	184344
                       Number of splices: AT/AC |	10046
               Number of splices: Non-canonical |	38041
                      Mismatch rate per base, % |	0.95%
                         Deletion rate per base |	0.01%
                        Deletion average length |	2.46
                        Insertion rate per base |	0.02%
                       Insertion average length |	1.39
                             MULTI-MAPPING READS:
        Number of reads mapped to multiple loci |	663972
             % of reads mapped to multiple loci |	2.96%
        Number of reads mapped to too many loci |	19192
             % of reads mapped to too many loci |	0.09%
                                  UNMAPPED READS:
  Number of reads unmapped: too many mismatches |	0
       % of reads unmapped: too many mismatches |	0.00%
            Number of reads unmapped: too short |	502415
                 % of reads unmapped: too short |	2.24%
                Number of reads unmapped: other |	6529
                     % of reads unmapped: other |	0.03%
                                  CHIMERIC READS:
                       Number of chimeric reads |	0
                            % of chimeric reads |	0.00%
