                                 Started job on |	Apr 02 10:00:25
                             Started mapping on |	Apr 02 10:00:30
                                    Finished on |	Apr 02 10:05:30
       Mapping speed, Million of reads per hour |	285.84

                          Number of input reads |	23819720
                      Average input read length |	300
                                    UNIQUE READS:
                   Uniquely mapped reads number |	22689097
                        Uniquely mapped reads % |	95.25%
                          Average mapped length |	295.89
                       Number of splices: Total |	30061880
            Number of splices: Annotated (sjdb) |	29317467
                       Number of splices: GT/AG |	29808378
                       Number of splices: GC/AG |	207388
                       Number of splices: AT/AC |	9809
               Number of splices: Non-canonical |	36305
                      Mismatch rate per base, % |	0.98%
                         Deletion rate per base |	0.01%
                        Deletion average length |	2.46
                        Insertion rate per base |	0.02%
                       Insertion average length |	1.37
                             MULTI-MAPPING READS:
        Number of reads mapped to multiple loci |	684415
             % of reads mapped to multiple loci |	2.87%
        Number of reads mapped to too many loci |	17830
             % of reads mapped to too many loci |	0.07%
                                  UNMAPPED READS:
  Number of reads unmapped: too many mismatches |	0
       % of reads unmapped: too many mismatches |	0.00%
            Number of reads unmapped: too short |	423086
                 % of reads unmapped: too short |	1.78%
                Number of reads unmapped: other |	5292
                     % of reads unmapped: other |	0.02%
                                  CHIMERIC READS:
                       Number of chimeric reads |	0
                            % of chimeric reads |	0.00%
