                                 Started job on |	Apr 02 09:09:48
                             Started mapping on |	Apr 02 09:09:55
                                    Finished on |	Apr 02 09:14:21
       Mapping speed, Million of reads per hour |	317.13

                          Number of input reads |	23432255
                      Average input read length |	300
                                    UNIQUE READS:
                   Uniquely mapped reads number |	22293513
                        Uniquely mapped reads % |	95.14%
                          Average mapped length |	296.02
                       Number of splices: Total |	26522384
            Number of splices: Annotated (sjdb) |	25689775
                       Number of splices: GT/AG |	26294234
                       Number of splices: GC/AG |	177993
                       Number of splices: AT/AC |	10394
               Number of splices: Non-canonical |	39763
                      Mismatch rate per base, % |	0.97%
                         Deletion rate per base |	0.02%
                        Deletion average length |	2.41
                        Insertion rate per base |	0.02%
                       Insertion average length |	1.52
                             MULTI-MAPPING READS:
        Number of reads mapped to multiple loci |	657538
             % of reads mapped to multiple loci |	2.81%
        Number of reads mapped to too many loci |	20951
             % of reads mapped to too many loci |	0.09%
                                  UNMAPPED READS:
  Number of reads unmapped: too many mismatches |	0
       % of reads unmapped: too many mismatches |	0.00%
            Number of reads unmapped: too short |	453494
                 % of reads unmapped: too short |	1.94%
                Number of reads unmapped: other |	6759
                     % of reads unmapped: other |	0.03%
                                  CHIMERIC READS:
                       Number of chimeric reads |	0
                            % of chimeric reads |	0.00%
