                                 Started job on |	Apr 02 09:22:49
                             Started mapping on |	Apr 02 09:22:54
                                    Finished on |	Apr 02 09:27:57
       Mapping speed, Million of reads per hour |	284.67

                          Number of input reads |	23959826
                      Average input read length |	300
                                    UNIQUE READS:
                   Uniquely mapped reads number |	22837165
                        Uniquely mapped reads % |	95.31%
                          Average mapped length |	295.98
                       Number of splices: Total |	29647444
            Number of splices: Annotated (sjdb) |	28759255
                       Number of splices: GT/AG |	29384012
                       Number of splices: GC/AG |	213147
                       Number of splices: AT/AC |	11777
               Number of splices: Non-canonical |	38508
                      Mismatch rate per base, % |	0.96%
                         Deletion rate per base |	0.01%
                        Deletion average length |	2.53
                        Insertion rate per base |	0.02%
                       Insertion average length |	1.44
                             MULTI-MAPPING READS:
        Number of reads mapped to multiple loci |	691934
             % of reads mapped to multiple loci |	2.89%
        Number of reads mapped to too many loci |	23834
             % of reads mapped to too many loci |	0.10%
                                  UNMAPPED READS:
  Number of reads unmapped: too many mismatches |	0
       % of reads unmapped: too many mismatches |	0.00%
            Number of reads unmapped: too short |	399675
                 % of reads unmapped: too short |	1.67%
                Number of reads unmapped: other |	7218
                     % of reads unmapped: other |	0.03%
                                  CHIMERIC READS:
                       Number of chimeric reads |	0
                            % of chimeric reads |	0.00%
